# JRE version: Java(TM) SE Runtime Environment (17.0.7+8) (build 17.0.7+8-LTS-224)
# Java VM: Java HotSpot(TM) 64-Bit Server VM (17.0.7+8-LTS-224, mixed mode, emulated-client, sharing, tiered, compressed oops, compressed class ptrs, g1 gc, windows-amd64)
GC Precious Log:
 CPUs: 16 total, 16 available
 Memory: 15724M
 Large Page Support: Disabled
 NUMA Support: Disabled
 Compressed Oops: Enabled (Zero based)
 Heap Region Size: 2M
 Heap Min Capacity: 8M
 Heap Initial Capacity: 246M
 Heap Max Capacity: 3932M
 Pre-touch: Disabled
 Parallel Workers: 13
 Concurrent Workers: 3
 Concurrent Refinement Workers: 13
 Periodic GC: Disabled
Heap:
 garbage-first heap   total 90112K, used 40948K [0x000000070a400000, 0x0000000800000000)
  region size 2048K, 10 young (20480K), 1 survivors (2048K)
 Metaspace       used 49469K, committed 49920K, reserved 1097728K
  class space    used 6906K, committed 7104K, reserved 1048576K
GC Heap History (18 events):
Event: 0.824 GC heap before
{Heap before GC invocations=0 (full 0):
 garbage-first heap   total 251904K, used 20480K [0x000000070a400000, 0x0000000800000000)
  region size 2048K, 11 young (22528K), 0 survivors (0K)
 Metaspace       used 5399K, committed 5632K, reserved 1056768K
  class space    used 643K, committed 768K, reserved 1048576K
}
Event: 0.828 GC heap after
{Heap after GC invocations=1 (full 0):
 garbage-first heap   total 251904K, used 7329K [0x000000070a400000, 0x0000000800000000)
  region size 2048K, 2 young (4096K), 2 survivors (4096K)
 Metaspace       used 5399K, committed 5632K, reserved 1056768K
  class space    used 643K, committed 768K, reserved 1048576K
}
Event: 1.113 GC heap before
{Heap before GC invocations=1 (full 0):
 garbage-first heap   total 251904K, used 31905K [0x000000070a400000, 0x0000000800000000)
  region size 2048K, 15 young (30720K), 2 survivors (4096K)
 Metaspace       used 9459K, committed 9664K, reserved 1064960K
  class space    used 1243K, committed 1344K, reserved 1048576K
}
Event: 1.118 GC heap after
{Heap after GC invocations=2 (full 0):
 garbage-first heap   total 251904K, used 9148K [0x000000070a400000, 0x0000000800000000)
  region size 2048K, 1 young (2048K), 1 survivors (2048K)
 Metaspace       used 9459K, committed 9664K, reserved 1064960K
  class space    used 1243K, committed 1344K, reserved 1048576K
}
Event: 1.654 GC heap before
{Heap before GC invocations=2 (full 0):
 garbage-first heap   total 251904K, used 80828K [0x000000070a400000, 0x0000000800000000)
  region size 2048K, 37 young (75776K), 1 survivors (2048K)
 Metaspace       used 21209K, committed 21504K, reserved 1073152K
  class space    used 2848K, committed 3008K, reserved 1048576K
}
Event: 1.658 GC heap after
{Heap after GC invocations=3 (full 0):
 garbage-first heap   total 251904K, used 13433K [0x000000070a400000, 0x0000000800000000)
  region size 2048K, 3 young (6144K), 3 survivors (6144K)
 Metaspace       used 21209K, committed 21504K, reserved 1073152K
  class space    used 2848K, committed 3008K, reserved 1048576K
}
Event: 1.970 GC heap before
{Heap before GC invocations=4 (full 0):
 garbage-first heap   total 55296K, used 40057K [0x000000070a400000, 0x0000000800000000)
  region size 2048K, 17 young (34816K), 3 survivors (6144K)
 Metaspace       used 23096K, committed 23488K, reserved 1073152K
  class space    used 3135K, committed 3328K, reserved 1048576K
}
Event: 1.975 GC heap after
{Heap after GC invocations=5 (full 0):
 garbage-first heap   total 55296K, used 15022K [0x000000070a400000, 0x0000000800000000)
  region size 2048K, 1 young (2048K), 1 survivors (2048K)
 Metaspace       used 23096K, committed 23488K, reserved 1073152K
  class space    used 3135K, committed 3328K, reserved 1048576K
}
Event: 2.009 GC heap before
{Heap before GC invocations=5 (full 0):
 garbage-first heap   total 55296K, used 17070K [0x000000070a400000, 0x0000000800000000)
  region size 2048K, 2 young (4096K), 1 survivors (2048K)
 Metaspace       used 23275K, committed 23616K, reserved 1073152K
  class space    used 3164K, committed 3328K, reserved 1048576K
}
Event: 2.011 GC heap after
{Heap after GC invocations=6 (full 0):
 garbage-first heap   total 55296K, used 15373K [0x000000070a400000, 0x0000000800000000)
  region size 2048K, 1 young (2048K), 1 survivors (2048K)
 Metaspace       used 23275K, committed 23616K, reserved 1073152K
  class space    used 3164K, committed 3328K, reserved 1048576K
}
Event: 2.244 GC heap before
{Heap before GC invocations=6 (full 0):
 garbage-first heap   total 55296K, used 33805K [0x000000070a400000, 0x0000000800000000)
  region size 2048K, 10 young (20480K), 1 survivors (2048K)
 Metaspace       used 25776K, committed 26112K, reserved 1073152K
  class space    used 3600K, committed 3776K, reserved 1048576K
}
Event: 2.245 GC heap after
{Heap after GC invocations=7 (full 0):
 garbage-first heap   total 153600K, used 15857K [0x000000070a400000, 0x0000000800000000)
  region size 2048K, 1 young (2048K), 1 survivors (2048K)
 Metaspace       used 25776K, committed 26112K, reserved 1073152K
  class space    used 3600K, committed 3776K, reserved 1048576K
}
Event: 3.096 GC heap before
{Heap before GC invocations=7 (full 0):
 garbage-first heap   total 153600K, used 91633K [0x000000070a400000, 0x0000000800000000)
  region size 2048K, 39 young (79872K), 1 survivors (2048K)
 Metaspace       used 35521K, committed 35968K, reserved 1081344K
  class space    used 5017K, committed 5248K, reserved 1048576K
}
Event: 3.100 GC heap after
{Heap after GC invocations=8 (full 0):
 garbage-first heap   total 153600K, used 21038K [0x000000070a400000, 0x0000000800000000)
  region size 2048K, 4 young (8192K), 4 survivors (8192K)
 Metaspace       used 35521K, committed 35968K, reserved 1081344K
  class space    used 5017K, committed 5248K, reserved 1048576K
}
Event: 3.611 GC heap before
{Heap before GC invocations=9 (full 0):
 garbage-first heap   total 90112K, used 66094K [0x000000070a400000, 0x0000000800000000)
  region size 2048K, 26 young (53248K), 4 survivors (8192K)
 Metaspace       used 47418K, committed 47936K, reserved 1097728K
  class space    used 6630K, committed 6848K, reserved 1048576K
}
Event: 3.614 GC heap after
{Heap after GC invocations=10 (full 0):
 garbage-first heap   total 90112K, used 24307K [0x000000070a400000, 0x0000000800000000)
  region size 2048K, 2 young (4096K), 2 survivors (4096K)
 Metaspace       used 47418K, committed 47936K, reserved 1097728K
  class space    used 6630K, committed 6848K, reserved 1048576K
}
Event: 3.641 GC heap before
{Heap before GC invocations=10 (full 0):
 garbage-first heap   total 90112K, used 26355K [0x000000070a400000, 0x0000000800000000)
  region size 2048K, 3 young (6144K), 2 survivors (4096K)
 Metaspace       used 47440K, committed 47936K, reserved 1097728K
  class space    used 6633K, committed 6848K, reserved 1048576K
}
Event: 3.643 GC heap after
{Heap after GC invocations=11 (full 0):
 garbage-first heap   total 90112K, used 24564K [0x000000070a400000, 0x0000000800000000)
  region size 2048K, 1 young (2048K), 1 survivors (2048K)
 Metaspace       used 47440K, committed 47936K, reserved 1097728K
  class space    used 6633K, committed 6848K, reserved 1048576K
}

